<?xml version="1.0" encoding="UTF-8"?>
<!-- Generated by org.testng.reporters.JUnitReportReporter -->
<testsuite hostname="Upasanas-MacBook-Pro.local" failures="0" tests="4" name="cucumberOptions.TestNGRunner" time="18.577" errors="0" timestamp="2025-07-21T10:52:11 IST" skipped="0">
  <testcase classname="cucumberOptions.TestNGRunner" name="runScenario" time="1.797"/>
  <testcase classname="cucumberOptions.TestNGRunner" name="runScenario" time="1.713"/>
  <testcase classname="cucumberOptions.TestNGRunner" name="runScenario" time="7.352"/>
  <testcase classname="cucumberOptions.TestNGRunner" name="runScenario" time="7.715"/>
</testsuite> <!-- cucumberOptions.TestNGRunner -->
