<?xml version="1.0" encoding="UTF-8"?>
<!-- Generated by org.testng.reporters.JUnitReportReporter -->
<testsuite hostname="Upasanas-MacBook-Pro.local" failures="0" tests="4" name="cucumberOptions.TestNGRunner" time="17.455" errors="0" timestamp="2025-07-23T21:57:20 IST" skipped="0">
  <testcase classname="cucumberOptions.TestNGRunner" name="runScenario" time="1.728"/>
  <testcase classname="cucumberOptions.TestNGRunner" name="runScenario" time="6.741"/>
  <testcase classname="cucumberOptions.TestNGRunner" name="runScenario" time="7.274"/>
  <testcase classname="cucumberOptions.TestNGRunner" name="runScenario" time="1.712"/>
</testsuite> <!-- cucumberOptions.TestNGRunner -->
