<?xml version="1.0" encoding="UTF-8"?>
<!-- Generated by org.testng.reporters.JUnitReportReporter -->
<testsuite hostname="Upasanas-MacBook-Pro.local" failures="0" tests="4" name="cucumberOptions.TestNGRunner" time="18.118" errors="0" timestamp="2025-07-21T10:55:22 IST" skipped="0">
  <testcase classname="cucumberOptions.TestNGRunner" name="runScenario" time="1.756"/>
  <testcase classname="cucumberOptions.TestNGRunner" name="runScenario" time="7.105"/>
  <testcase classname="cucumberOptions.TestNGRunner" name="runScenario" time="1.888"/>
  <testcase classname="cucumberOptions.TestNGRunner" name="runScenario" time="7.369"/>
</testsuite> <!-- cucumberOptions.TestNGRunner -->
